Invoking simulator...

./simv -ucli -a vcs.log +UVM_CONFIG_DB_TRACE +UVM_PHASE_TRACE +UVM_OBJECTION_TRACE +UVM_RESOURCE_DB_TRACE +UVM_LOG_RECORD +UVM_VERDI_TRACE=UVM_AWARE -ucli2Proc -lca
Warning-[LCA_FEATURES_ENABLED] Usage warning
  LCA features enabled by '-lca' argument on the command line.  For more 
  information regarding list of LCA features please refer to Chapter "LCA 
  features" in the VCS/VCS-MX Release Notes

Chronologic VCS simulator copyright 1991-2016
Contains Synopsys proprietary information.
Compiler version L-2016.06_Full64; Runtime version L-2016.06_Full64;  Dec  3 21:24 2024

*Verdi3* Loading libsscore_vcs201606.so

*Verdi3* : FSDB_GATE is set.
*Verdi3* : FSDB_RTL is set.
*Verdi3* : Enable Parallel Dumping.
FSDB Dumper for VCS, Release Verdi3_L-2016.06-1, Linux x86_64/64bit, 07/10/2016
(C) 1996 - 2016 by Synopsys, Inc.

*Verdi3* : Create FSDB file '/home/ord1nary/study/Projects/sim/inter.fsdb'
*Verdi3* : Flush all FSDB Files at 0 ps.

51350

SimCMD>run
'{'h0, 'h12, 'h17, 'h23, 'h28, 'h3c, 'h5a, 'h5f, 'h14, 'he, 'hc, 'ha, 'h9, 'h8, 'h5, 'h3} '{'h0, 'h0, 'h0, 'h0, 'h0, 'h0, 'h0, 'h0, 'h0, 'h0, 'h0, 'h0, 'h0, 'h0, 'h0, 'h0} 
'{'h5, 'h7, 'h9, 'h1, 'h0, 'h2, 'h3, 'h6, 'h8, 'hf, 'he, 'hc, 'hd, 'ha, 'hb, 'h4} '{'h5f, 'h5a, 'h3c, 'h28, 'h23, 'h17, 'h14, 'h12, 'he, 'hc, 'ha, 'h9, 'h8, 'h5, 'h3, 'h0} 
'{'h9c, 'ha1, 'ha6, 'hc4, 'hd8, 'hec, 'hee, 'hf2, 'hf8, 'hfb, 'hff, 'h0, 'h5, 'ha, 'h19, 'h23} '{'hf, 'he, 'hd, 'hc, 'hb, 'ha, 'h9, 'h8, 'h7, 'h6, 'h5, 'h4, 'h3, 'h2, 'h1, 'h0} 
'{'hfe, 'hf1, 'hab, 'hfa, 'h0, 'hcc, 'hfc, 'hff, 'hf, 'hc7, 'h8, 'ha, 'h0, 'h1, 'h1, 'hd3} '{'h23, 'h19, 'ha, 'h5, 'h0, 'hff, 'hfb, 'hf8, 'hf2, 'hee, 'hec, 'hd8, 'hc4, 'ha6, 'ha1, 'h9c} 
$finish called from file "./testbench.sv", line 32.
$finish at simulation time               760000
Simulation complete, time is 760000 ps.
testbench.sv, 3 : module testbench;
