version: (200506)

available memory: 64M bytes
used memory: 212992 bytes [need 208K bytes if disable swap]

used block: 12 [memory(12) file(0)]
                 [ 8K(10) 64K(2) { total 208K bytes } ]
overhead: (9522) bytes for (12) blocks [Average: (793) bytes/block]

write  => 0(times) 0K(bytes) [0K bytes to file]
read   => 2(times) 53K(bytes) [6K bytes compressed data from file]
access => 944706(times) 7391M(bytes)
          [hit ratio: 99.9998%]

time: write(0) read(0)  unit: second

swap file directory: (/home/ord1nary/study/Projects/sim/verdiLog)
used swap file number: (3)



swap file manager:
arrSize: (256)
idxCnt: (4)
closeHead: (1)
closeTail: (3)
openCnt: (3)
fid(3): fd(1073741825) fileName(/home/ord1nary/study/Projects/sim/simv.daidir/kdb.elab++/work.lib++/sorter_top.sv.tdc)
	size(6116) lastModTime(1733588485) curModTime(1733588485)
	mode(rb)	hot(0) cool(2) pos(0)
fid(2): fd(24) fileName(/home/ord1nary/study/Projects/sim/verdiLog/_swap_0001#1757367822#115394)
	size(0) lastModTime(0) curModTime(1733588489)
	mode(w+b)	hot(3) cool(1) pos(0)
fid(1): fd(1073741824) fileName(/home/ord1nary/study/Projects/sim/simv.daidir/kdb.elab++/work.lib++/testbench.sv.tdc)
	size(4482) lastModTime(1733588485) curModTime(1733588485)
	mode(rb)	hot(2) cool(0) pos(0)
fid(0): fd(0) fileName(NULL)
	mode(NULL)	hot(0) cool(0) pos(0)
==================================================
mySelf(11ca66e0) pre(fb4cdd0) next(0)
version(200506)
date(May 20 2016 01:21:05)
